# JRE version: Java(TM) SE Runtime Environment (19.0.2+7) (build 19.0.2+7-44)
# Java VM: Java HotSpot(TM) 64-Bit Server VM (19.0.2+7-44, mixed mode, sharing, tiered, compressed oops, compressed class ptrs, g1 gc, windows-amd64)
GC Precious Log:
 CardTable entry size: 512
 Card Set container configuration: InlinePtr #cards 5 size 8 Array Of Cards #cards 12 size 40 Howl #buckets 4 coarsen threshold 1843 Howl Bitmap #cards 512 size 80 coarsen threshold 460 Card regions per heap region 1 cards per card region 2048
 CPUs: 8 total, 8 available
 Memory: 7834M
 Large Page Support: Disabled
 NUMA Support: Disabled
 Compressed Oops: Enabled (32-bit)
 Heap Region Size: 1M
 Heap Min Capacity: 8M
 Heap Initial Capacity: 124M
 Heap Max Capacity: 2G
 Pre-touch: Disabled
 Parallel Workers: 8
 Concurrent Workers: 2
 Concurrent Refinement Workers: 8
 Periodic GC: Disabled
Heap:
 garbage-first heap   total 212992K, used 155073K [0x0000000080000000, 0x0000000100000000)
  region size 1024K, 16 young (16384K), 5 survivors (5120K)
 Metaspace       used 77154K, committed 79104K, reserved 1179648K
  class space    used 10381K, committed 11456K, reserved 1048576K
GC Heap History (20 events):
Event: 31.794 GC heap before
{Heap before GC invocations=34 (full 0):
 garbage-first heap   total 212992K, used 152035K [0x0000000080000000, 0x0000000100000000)
  region size 1024K, 50 young (51200K), 8 survivors (8192K)
 Metaspace       used 67186K, committed 68992K, reserved 1114112K
  class space    used 9109K, committed 10048K, reserved 1048576K
}
Event: 31.807 GC heap after
{Heap after GC invocations=35 (full 0):
 garbage-first heap   total 212992K, used 113664K [0x0000000080000000, 0x0000000100000000)
  region size 1024K, 5 young (5120K), 5 survivors (5120K)
 Metaspace       used 67186K, committed 68992K, reserved 1114112K
  class space    used 9109K, committed 10048K, reserved 1048576K
}
Event: 31.871 GC heap before
{Heap before GC invocations=35 (full 0):
 garbage-first heap   total 212992K, used 118784K [0x0000000080000000, 0x0000000100000000)
  region size 1024K, 10 young (10240K), 5 survivors (5120K)
 Metaspace       used 67190K, committed 68992K, reserved 1114112K
  class space    used 9109K, committed 10048K, reserved 1048576K
}
Event: 31.874 GC heap after
{Heap after GC invocations=36 (full 0):
 garbage-first heap   total 212992K, used 112832K [0x0000000080000000, 0x0000000100000000)
  region size 1024K, 2 young (2048K), 2 survivors (2048K)
 Metaspace       used 67190K, committed 68992K, reserved 1114112K
  class space    used 9109K, committed 10048K, reserved 1048576K
}
Event: 32.295 GC heap before
{Heap before GC invocations=36 (full 0):
 garbage-first heap   total 212992K, used 158912K [0x0000000080000000, 0x0000000100000000)
  region size 1024K, 48 young (49152K), 2 survivors (2048K)
 Metaspace       used 67207K, committed 68992K, reserved 1114112K
  class space    used 9110K, committed 10048K, reserved 1048576K
}
Event: 32.298 GC heap after
{Heap after GC invocations=37 (full 0):
 garbage-first heap   total 212992K, used 114312K [0x0000000080000000, 0x0000000100000000)
  region size 1024K, 4 young (4096K), 4 survivors (4096K)
 Metaspace       used 67207K, committed 68992K, reserved 1114112K
  class space    used 9110K, committed 10048K, reserved 1048576K
}
Event: 32.807 GC heap before
{Heap before GC invocations=37 (full 0):
 garbage-first heap   total 212992K, used 162440K [0x0000000080000000, 0x0000000100000000)
  region size 1024K, 52 young (53248K), 4 survivors (4096K)
 Metaspace       used 67246K, committed 68992K, reserved 1114112K
  class space    used 9110K, committed 10048K, reserved 1048576K
}
Event: 32.813 GC heap after
{Heap after GC invocations=38 (full 0):
 garbage-first heap   total 212992K, used 117081K [0x0000000080000000, 0x0000000100000000)
  region size 1024K, 7 young (7168K), 7 survivors (7168K)
 Metaspace       used 67246K, committed 68992K, reserved 1114112K
  class space    used 9110K, committed 10048K, reserved 1048576K
}
Event: 33.526 GC heap before
{Heap before GC invocations=38 (full 0):
 garbage-first heap   total 212992K, used 164185K [0x0000000080000000, 0x0000000100000000)
  region size 1024K, 54 young (55296K), 7 survivors (7168K)
 Metaspace       used 67329K, committed 69120K, reserved 1114112K
  class space    used 9112K, committed 10048K, reserved 1048576K
}
Event: 33.535 GC heap after
{Heap after GC invocations=39 (full 0):
 garbage-first heap   total 212992K, used 120236K [0x0000000080000000, 0x0000000100000000)
  region size 1024K, 6 young (6144K), 6 survivors (6144K)
 Metaspace       used 67329K, committed 69120K, reserved 1114112K
  class space    used 9112K, committed 10048K, reserved 1048576K
}
Event: 35.226 GC heap before
{Heap before GC invocations=39 (full 0):
 garbage-first heap   total 212992K, used 177580K [0x0000000080000000, 0x0000000100000000)
  region size 1024K, 53 young (54272K), 6 survivors (6144K)
 Metaspace       used 67754K, committed 69568K, reserved 1114112K
  class space    used 9170K, committed 10112K, reserved 1048576K
}
Event: 35.232 GC heap after
{Heap after GC invocations=40 (full 0):
 garbage-first heap   total 212992K, used 135386K [0x0000000080000000, 0x0000000100000000)
  region size 1024K, 7 young (7168K), 7 survivors (7168K)
 Metaspace       used 67754K, committed 69568K, reserved 1114112K
  class space    used 9170K, committed 10112K, reserved 1048576K
}
Event: 35.525 GC heap before
{Heap before GC invocations=40 (full 0):
 garbage-first heap   total 212992K, used 171226K [0x0000000080000000, 0x0000000100000000)
  region size 1024K, 42 young (43008K), 7 survivors (7168K)
 Metaspace       used 67886K, committed 69632K, reserved 1114112K
  class space    used 9177K, committed 10112K, reserved 1048576K
}
Event: 35.528 GC heap after
{Heap after GC invocations=41 (full 0):
 garbage-first heap   total 212992K, used 135852K [0x0000000080000000, 0x0000000100000000)
  region size 1024K, 1 young (1024K), 1 survivors (1024K)
 Metaspace       used 67886K, committed 69632K, reserved 1114112K
  class space    used 9177K, committed 10112K, reserved 1048576K
}
Event: 38.386 GC heap before
{Heap before GC invocations=41 (full 0):
 garbage-first heap   total 212992K, used 174764K [0x0000000080000000, 0x0000000100000000)
  region size 1024K, 38 young (38912K), 1 survivors (1024K)
 Metaspace       used 70782K, committed 72640K, reserved 1114112K
  class space    used 9527K, committed 10496K, reserved 1048576K
}
Event: 38.388 GC heap after
{Heap after GC invocations=42 (full 0):
 garbage-first heap   total 212992K, used 139935K [0x0000000080000000, 0x0000000100000000)
  region size 1024K, 3 young (3072K), 3 survivors (3072K)
 Metaspace       used 70782K, committed 72640K, reserved 1114112K
  class space    used 9527K, committed 10496K, reserved 1048576K
}
Event: 39.787 GC heap before
{Heap before GC invocations=42 (full 0):
 garbage-first heap   total 212992K, used 176799K [0x0000000080000000, 0x0000000100000000)
  region size 1024K, 39 young (39936K), 3 survivors (3072K)
 Metaspace       used 74589K, committed 76480K, reserved 1114112K
  class space    used 10021K, committed 11008K, reserved 1048576K
}
Event: 39.793 GC heap after
{Heap after GC invocations=43 (full 0):
 garbage-first heap   total 212992K, used 141253K [0x0000000080000000, 0x0000000100000000)
  region size 1024K, 4 young (4096K), 4 survivors (4096K)
 Metaspace       used 74589K, committed 76480K, reserved 1114112K
  class space    used 10021K, committed 11008K, reserved 1048576K
}
Event: 41.385 GC heap before
{Heap before GC invocations=43 (full 0):
 garbage-first heap   total 212992K, used 184261K [0x0000000080000000, 0x0000000100000000)
  region size 1024K, 40 young (40960K), 4 survivors (4096K)
 Metaspace       used 76313K, committed 78272K, reserved 1179648K
  class space    used 10282K, committed 11328K, reserved 1048576K
}
Event: 41.391 GC heap after
{Heap after GC invocations=44 (full 0):
 garbage-first heap   total 212992K, used 144833K [0x0000000080000000, 0x0000000100000000)
  region size 1024K, 5 young (5120K), 5 survivors (5120K)
 Metaspace       used 76313K, committed 78272K, reserved 1179648K
  class space    used 10282K, committed 11328K, reserved 1048576K
}

