# JRE version: Java(TM) SE Runtime Environment (19.0.2+7) (build 19.0.2+7-44)
# Java VM: Java HotSpot(TM) 64-Bit Server VM (19.0.2+7-44, mixed mode, sharing, tiered, compressed oops, compressed class ptrs, g1 gc, windows-amd64)
GC Precious Log:
 CardTable entry size: 512
 Card Set container configuration: InlinePtr #cards 5 size 8 Array Of Cards #cards 12 size 40 Howl #buckets 4 coarsen threshold 1843 Howl Bitmap #cards 512 size 80 coarsen threshold 460 Card regions per heap region 1 cards per card region 2048
 CPUs: 8 total, 8 available
 Memory: 7834M
 Large Page Support: Disabled
 NUMA Support: Disabled
 Compressed Oops: Enabled (32-bit)
 Heap Region Size: 1M
 Heap Min Capacity: 8M
 Heap Initial Capacity: 124M
 Heap Max Capacity: 2G
 Pre-touch: Disabled
 Parallel Workers: 8
 Concurrent Workers: 2
 Concurrent Refinement Workers: 8
 Periodic GC: Disabled
Heap:
 garbage-first heap   total 229376K, used 133220K [0x0000000080000000, 0x0000000100000000)
  region size 1024K, 43 young (44032K), 10 survivors (10240K)
 Metaspace       used 84884K, committed 86976K, reserved 1179648K
  class space    used 11535K, committed 12608K, reserved 1048576K
GC Heap History (20 events):
Event: 50.953 GC heap before
{Heap before GC invocations=17 (full 0):
 garbage-first heap   total 116736K, used 92238K [0x0000000080000000, 0x0000000100000000)
  region size 1024K, 42 young (43008K), 5 survivors (5120K)
 Metaspace       used 55050K, committed 56832K, reserved 1114112K
  class space    used 7501K, committed 8448K, reserved 1048576K
}
Event: 50.963 GC heap after
{Heap after GC invocations=18 (full 0):
 garbage-first heap   total 116736K, used 56345K [0x0000000080000000, 0x0000000100000000)
  region size 1024K, 4 young (4096K), 4 survivors (4096K)
 Metaspace       used 55050K, committed 56832K, reserved 1114112K
  class space    used 7501K, committed 8448K, reserved 1048576K
}
Event: 51.625 GC heap before
{Heap before GC invocations=18 (full 0):
 garbage-first heap   total 116736K, used 92185K [0x0000000080000000, 0x0000000100000000)
  region size 1024K, 40 young (40960K), 4 survivors (4096K)
 Metaspace       used 55064K, committed 56832K, reserved 1114112K
  class space    used 7502K, committed 8448K, reserved 1048576K
}
Event: 51.632 GC heap after
{Heap after GC invocations=19 (full 0):
 garbage-first heap   total 116736K, used 57026K [0x0000000080000000, 0x0000000100000000)
  region size 1024K, 3 young (3072K), 3 survivors (3072K)
 Metaspace       used 55064K, committed 56832K, reserved 1114112K
  class space    used 7502K, committed 8448K, reserved 1048576K
}
Event: 52.163 GC heap before
{Heap before GC invocations=20 (full 0):
 garbage-first heap   total 116736K, used 94914K [0x0000000080000000, 0x0000000100000000)
  region size 1024K, 40 young (40960K), 3 survivors (3072K)
 Metaspace       used 55065K, committed 56832K, reserved 1114112K
  class space    used 7502K, committed 8448K, reserved 1048576K
}
Event: 52.171 GC heap after
{Heap after GC invocations=21 (full 0):
 garbage-first heap   total 116736K, used 57920K [0x0000000080000000, 0x0000000100000000)
  region size 1024K, 3 young (3072K), 3 survivors (3072K)
 Metaspace       used 55065K, committed 56832K, reserved 1114112K
  class space    used 7502K, committed 8448K, reserved 1048576K
}
Event: 52.186 GC heap before
{Heap before GC invocations=21 (full 0):
 garbage-first heap   total 116736K, used 59968K [0x0000000080000000, 0x0000000100000000)
  region size 1024K, 5 young (5120K), 3 survivors (3072K)
 Metaspace       used 55065K, committed 56832K, reserved 1114112K
  class space    used 7502K, committed 8448K, reserved 1048576K
}
Event: 52.196 GC heap after
{Heap after GC invocations=22 (full 0):
 garbage-first heap   total 116736K, used 57092K [0x0000000080000000, 0x0000000100000000)
  region size 1024K, 1 young (1024K), 1 survivors (1024K)
 Metaspace       used 55065K, committed 56832K, reserved 1114112K
  class space    used 7502K, committed 8448K, reserved 1048576K
}
Event: 55.763 GC heap before
{Heap before GC invocations=22 (full 0):
 garbage-first heap   total 116736K, used 100100K [0x0000000080000000, 0x0000000100000000)
  region size 1024K, 38 young (38912K), 1 survivors (1024K)
 Metaspace       used 56204K, committed 57920K, reserved 1114112K
  class space    used 7656K, committed 8576K, reserved 1048576K
}
Event: 55.777 GC heap after
{Heap after GC invocations=23 (full 0):
 garbage-first heap   total 278528K, used 67369K [0x0000000080000000, 0x0000000100000000)
  region size 1024K, 5 young (5120K), 5 survivors (5120K)
 Metaspace       used 56204K, committed 57920K, reserved 1114112K
  class space    used 7656K, committed 8576K, reserved 1048576K
}
Event: 64.237 GC heap before
{Heap before GC invocations=24 (full 0):
 garbage-first heap   total 229376K, used 210729K [0x0000000080000000, 0x0000000100000000)
  region size 1024K, 134 young (137216K), 5 survivors (5120K)
 Metaspace       used 66320K, committed 68224K, reserved 1114112K
  class space    used 8927K, committed 9920K, reserved 1048576K
}
Event: 64.271 GC heap after
{Heap after GC invocations=25 (full 0):
 garbage-first heap   total 229376K, used 83542K [0x0000000080000000, 0x0000000100000000)
  region size 1024K, 16 young (16384K), 16 survivors (16384K)
 Metaspace       used 66320K, committed 68224K, reserved 1114112K
  class space    used 8927K, committed 9920K, reserved 1048576K
}
Event: 64.352 GC heap before
{Heap before GC invocations=25 (full 0):
 garbage-first heap   total 229376K, used 84566K [0x0000000080000000, 0x0000000100000000)
  region size 1024K, 17 young (17408K), 16 survivors (16384K)
 Metaspace       used 66377K, committed 68288K, reserved 1114112K
  class space    used 8934K, committed 9920K, reserved 1048576K
}
Event: 64.378 GC heap after
{Heap after GC invocations=26 (full 0):
 garbage-first heap   total 229376K, used 82776K [0x0000000080000000, 0x0000000100000000)
  region size 1024K, 2 young (2048K), 2 survivors (2048K)
 Metaspace       used 66377K, committed 68288K, reserved 1114112K
  class space    used 8934K, committed 9920K, reserved 1048576K
}
Event: 73.378 GC heap before
{Heap before GC invocations=26 (full 0):
 garbage-first heap   total 229376K, used 174936K [0x0000000080000000, 0x0000000100000000)
  region size 1024K, 91 young (93184K), 2 survivors (2048K)
 Metaspace       used 70072K, committed 72064K, reserved 1114112K
  class space    used 9420K, committed 10496K, reserved 1048576K
}
Event: 73.392 GC heap after
{Heap after GC invocations=27 (full 0):
 garbage-first heap   total 229376K, used 89368K [0x0000000080000000, 0x0000000100000000)
  region size 1024K, 6 young (6144K), 6 survivors (6144K)
 Metaspace       used 70072K, committed 72064K, reserved 1114112K
  class space    used 9420K, committed 10496K, reserved 1048576K
}
Event: 81.870 GC heap before
{Heap before GC invocations=27 (full 0):
 garbage-first heap   total 229376K, used 177432K [0x0000000080000000, 0x0000000100000000)
  region size 1024K, 92 young (94208K), 6 survivors (6144K)
 Metaspace       used 76264K, committed 78272K, reserved 1179648K
  class space    used 10419K, committed 11456K, reserved 1048576K
}
Event: 81.894 GC heap after
{Heap after GC invocations=28 (full 0):
 garbage-first heap   total 229376K, used 92793K [0x0000000080000000, 0x0000000100000000)
  region size 1024K, 10 young (10240K), 10 survivors (10240K)
 Metaspace       used 76264K, committed 78272K, reserved 1179648K
  class space    used 10419K, committed 11456K, reserved 1048576K
}
Event: 90.450 GC heap before
{Heap before GC invocations=28 (full 0):
 garbage-first heap   total 229376K, used 187001K [0x0000000080000000, 0x0000000100000000)
  region size 1024K, 97 young (99328K), 10 survivors (10240K)
 Metaspace       used 83031K, committed 85120K, reserved 1179648K
  class space    used 11288K, committed 12352K, reserved 1048576K
}
Event: 90.484 GC heap after
{Heap after GC invocations=29 (full 0):
 garbage-first heap   total 229376K, used 100452K [0x0000000080000000, 0x0000000100000000)
  region size 1024K, 10 young (10240K), 10 survivors (10240K)
 Metaspace       used 83031K, committed 85120K, reserved 1179648K
  class space    used 11288K, committed 12352K, reserved 1048576K
}

