# JRE version: Java(TM) SE Runtime Environment (19.0.2+7) (build 19.0.2+7-44)
# Java VM: Java HotSpot(TM) 64-Bit Server VM (19.0.2+7-44, mixed mode, sharing, tiered, compressed oops, compressed class ptrs, g1 gc, windows-amd64)
GC Precious Log:
 CardTable entry size: 512
 Card Set container configuration: InlinePtr #cards 5 size 8 Array Of Cards #cards 12 size 40 Howl #buckets 4 coarsen threshold 1843 Howl Bitmap #cards 512 size 80 coarsen threshold 460 Card regions per heap region 1 cards per card region 2048
 CPUs: 8 total, 8 available
 Memory: 7834M
 Large Page Support: Disabled
 NUMA Support: Disabled
 Compressed Oops: Enabled (32-bit)
 Heap Region Size: 1M
 Heap Min Capacity: 8M
 Heap Initial Capacity: 124M
 Heap Max Capacity: 2G
 Pre-touch: Disabled
 Parallel Workers: 8
 Concurrent Workers: 2
 Concurrent Refinement Workers: 8
 Periodic GC: Disabled
Heap:
 garbage-first heap   total 323584K, used 223360K [0x0000000080000000, 0x0000000100000000)
  region size 1024K, 59 young (60416K), 12 survivors (12288K)
 Metaspace       used 75785K, committed 77696K, reserved 1179648K
  class space    used 10092K, committed 11072K, reserved 1048576K
GC Heap History (20 events):
Event: 23.089 GC heap before
{Heap before GC invocations=25 (full 0):
 garbage-first heap   total 112640K, used 77823K [0x0000000080000000, 0x0000000100000000)
  region size 1024K, 22 young (22528K), 3 survivors (3072K)
 Metaspace       used 65009K, committed 66752K, reserved 1114112K
  class space    used 8842K, committed 9792K, reserved 1048576K
}
Event: 23.098 GC heap after
{Heap after GC invocations=26 (full 0):
 garbage-first heap   total 112640K, used 61622K [0x0000000080000000, 0x0000000100000000)
  region size 1024K, 3 young (3072K), 3 survivors (3072K)
 Metaspace       used 65009K, committed 66752K, reserved 1114112K
  class space    used 8842K, committed 9792K, reserved 1048576K
}
Event: 23.226 GC heap before
{Heap before GC invocations=26 (full 0):
 garbage-first heap   total 112640K, used 63670K [0x0000000080000000, 0x0000000100000000)
  region size 1024K, 5 young (5120K), 3 survivors (3072K)
 Metaspace       used 65009K, committed 66752K, reserved 1114112K
  class space    used 8842K, committed 9792K, reserved 1048576K
}
Event: 23.235 GC heap after
{Heap after GC invocations=27 (full 0):
 garbage-first heap   total 231424K, used 61439K [0x0000000080000000, 0x0000000100000000)
  region size 1024K, 1 young (1024K), 1 survivors (1024K)
 Metaspace       used 65009K, committed 66752K, reserved 1114112K
  class space    used 8842K, committed 9792K, reserved 1048576K
}
Event: 28.478 GC heap before
{Heap before GC invocations=27 (full 0):
 garbage-first heap   total 231424K, used 176127K [0x0000000080000000, 0x0000000100000000)
  region size 1024K, 111 young (113664K), 1 survivors (1024K)
 Metaspace       used 65881K, committed 67648K, reserved 1114112K
  class space    used 8929K, committed 9856K, reserved 1048576K
}
Event: 28.519 GC heap after
{Heap after GC invocations=28 (full 0):
 garbage-first heap   total 231424K, used 103251K [0x0000000080000000, 0x0000000100000000)
  region size 1024K, 14 young (14336K), 14 survivors (14336K)
 Metaspace       used 65881K, committed 67648K, reserved 1114112K
  class space    used 8929K, committed 9856K, reserved 1048576K
}
Event: 29.999 GC heap before
{Heap before GC invocations=28 (full 0):
 garbage-first heap   total 231424K, used 173907K [0x0000000080000000, 0x0000000100000000)
  region size 1024K, 84 young (86016K), 14 survivors (14336K)
 Metaspace       used 66068K, committed 67776K, reserved 1114112K
  class space    used 8929K, committed 9856K, reserved 1048576K
}
Event: 30.031 GC heap after
{Heap after GC invocations=29 (full 0):
 garbage-first heap   total 231424K, used 115227K [0x0000000080000000, 0x0000000100000000)
  region size 1024K, 11 young (11264K), 11 survivors (11264K)
 Metaspace       used 66068K, committed 67776K, reserved 1114112K
  class space    used 8929K, committed 9856K, reserved 1048576K
}
Event: 31.276 GC heap before
{Heap before GC invocations=29 (full 0):
 garbage-first heap   total 231424K, used 180763K [0x0000000080000000, 0x0000000100000000)
  region size 1024K, 75 young (76800K), 11 survivors (11264K)
 Metaspace       used 66142K, committed 67840K, reserved 1114112K
  class space    used 8931K, committed 9856K, reserved 1048576K
}
Event: 31.292 GC heap after
{Heap after GC invocations=30 (full 0):
 garbage-first heap   total 231424K, used 122579K [0x0000000080000000, 0x0000000100000000)
  region size 1024K, 9 young (9216K), 9 survivors (9216K)
 Metaspace       used 66142K, committed 67840K, reserved 1114112K
  class space    used 8931K, committed 9856K, reserved 1048576K
}
Event: 31.660 GC heap before
{Heap before GC invocations=30 (full 0):
 garbage-first heap   total 231424K, used 186067K [0x0000000080000000, 0x0000000100000000)
  region size 1024K, 69 young (70656K), 9 survivors (9216K)
 Metaspace       used 66195K, committed 67968K, reserved 1114112K
  class space    used 8931K, committed 9856K, reserved 1048576K
}
Event: 31.683 GC heap after
{Heap after GC invocations=31 (full 0):
 garbage-first heap   total 231424K, used 139969K [0x0000000080000000, 0x0000000100000000)
  region size 1024K, 9 young (9216K), 9 survivors (9216K)
 Metaspace       used 66195K, committed 67968K, reserved 1114112K
  class space    used 8931K, committed 9856K, reserved 1048576K
}
Event: 32.124 GC heap before
{Heap before GC invocations=31 (full 0):
 garbage-first heap   total 231424K, used 178881K [0x0000000080000000, 0x0000000100000000)
  region size 1024K, 47 young (48128K), 9 survivors (9216K)
 Metaspace       used 66286K, committed 68032K, reserved 1114112K
  class space    used 8931K, committed 9856K, reserved 1048576K
}
Event: 32.145 GC heap after
{Heap after GC invocations=32 (full 0):
 garbage-first heap   total 231424K, used 147362K [0x0000000080000000, 0x0000000100000000)
  region size 1024K, 6 young (6144K), 6 survivors (6144K)
 Metaspace       used 66286K, committed 68032K, reserved 1114112K
  class space    used 8931K, committed 9856K, reserved 1048576K
}
Event: 32.631 GC heap before
{Heap before GC invocations=32 (full 0):
 garbage-first heap   total 231424K, used 182178K [0x0000000080000000, 0x0000000100000000)
  region size 1024K, 40 young (40960K), 6 survivors (6144K)
 Metaspace       used 66298K, committed 68032K, reserved 1114112K
  class space    used 8932K, committed 9856K, reserved 1048576K
}
Event: 32.641 GC heap after
{Heap after GC invocations=33 (full 0):
 garbage-first heap   total 323584K, used 148537K [0x0000000080000000, 0x0000000100000000)
  region size 1024K, 2 young (2048K), 2 survivors (2048K)
 Metaspace       used 66298K, committed 68032K, reserved 1114112K
  class space    used 8932K, committed 9856K, reserved 1048576K
}
Event: 38.131 GC heap before
{Heap before GC invocations=33 (full 0):
 garbage-first heap   total 323584K, used 237625K [0x0000000080000000, 0x0000000100000000)
  region size 1024K, 90 young (92160K), 2 survivors (2048K)
 Metaspace       used 66622K, committed 68352K, reserved 1114112K
  class space    used 8972K, committed 9920K, reserved 1048576K
}
Event: 38.141 GC heap after
{Heap after GC invocations=34 (full 0):
 garbage-first heap   total 323584K, used 150508K [0x0000000080000000, 0x0000000100000000)
  region size 1024K, 4 young (4096K), 4 survivors (4096K)
 Metaspace       used 66622K, committed 68352K, reserved 1114112K
  class space    used 8972K, committed 9920K, reserved 1048576K
}
Event: 40.906 GC heap before
{Heap before GC invocations=34 (full 0):
 garbage-first heap   total 323584K, used 257004K [0x0000000080000000, 0x0000000100000000)
  region size 1024K, 97 young (99328K), 4 survivors (4096K)
 Metaspace       used 72550K, committed 74304K, reserved 1114112K
  class space    used 9606K, committed 10496K, reserved 1048576K
}
Event: 40.913 GC heap after
{Heap after GC invocations=35 (full 0):
 garbage-first heap   total 323584K, used 170112K [0x0000000080000000, 0x0000000100000000)
  region size 1024K, 12 young (12288K), 12 survivors (12288K)
 Metaspace       used 72550K, committed 74304K, reserved 1114112K
  class space    used 9606K, committed 10496K, reserved 1048576K
}

