# JRE version: Java(TM) SE Runtime Environment (19.0.2+7) (build 19.0.2+7-44)
# Java VM: Java HotSpot(TM) 64-Bit Server VM (19.0.2+7-44, mixed mode, sharing, tiered, compressed oops, compressed class ptrs, g1 gc, windows-amd64)
GC Precious Log:
 CardTable entry size: 512
 Card Set container configuration: InlinePtr #cards 5 size 8 Array Of Cards #cards 12 size 40 Howl #buckets 4 coarsen threshold 1843 Howl Bitmap #cards 512 size 80 coarsen threshold 460 Card regions per heap region 1 cards per card region 2048
 CPUs: 8 total, 8 available
 Memory: 7834M
 Large Page Support: Disabled
 NUMA Support: Disabled
 Compressed Oops: Enabled (32-bit)
 Heap Region Size: 1M
 Heap Min Capacity: 8M
 Heap Initial Capacity: 124M
 Heap Max Capacity: 2G
 Pre-touch: Disabled
 Parallel Workers: 8
 Concurrent Workers: 2
 Concurrent Refinement Workers: 8
 Periodic GC: Disabled
Heap:
 garbage-first heap   total 173056K, used 136727K [0x0000000080000000, 0x0000000100000000)
  region size 1024K, 38 young (38912K), 4 survivors (4096K)
 Metaspace       used 93812K, committed 95936K, reserved 1179648K
  class space    used 12533K, committed 13696K, reserved 1048576K
GC Heap History (20 events):
Event: 48.050 GC heap before
{Heap before GC invocations=28 (full 0):
 garbage-first heap   total 146432K, used 111193K [0x0000000080000000, 0x0000000100000000)
  region size 1024K, 25 young (25600K), 3 survivors (3072K)
 Metaspace       used 71597K, committed 73600K, reserved 1114112K
  class space    used 9629K, committed 10688K, reserved 1048576K
}
Event: 48.054 GC heap after
{Heap after GC invocations=29 (full 0):
 garbage-first heap   total 146432K, used 90565K [0x0000000080000000, 0x0000000100000000)
  region size 1024K, 4 young (4096K), 4 survivors (4096K)
 Metaspace       used 71597K, committed 73600K, reserved 1114112K
  class space    used 9629K, committed 10688K, reserved 1048576K
}
Event: 48.739 GC heap before
{Heap before GC invocations=30 (full 0):
 garbage-first heap   total 160768K, used 121285K [0x0000000080000000, 0x0000000100000000)
  region size 1024K, 33 young (33792K), 4 survivors (4096K)
 Metaspace       used 73653K, committed 75648K, reserved 1114112K
  class space    used 9990K, committed 11072K, reserved 1048576K
}
Event: 48.743 GC heap after
{Heap after GC invocations=31 (full 0):
 garbage-first heap   total 160768K, used 91063K [0x0000000080000000, 0x0000000100000000)
  region size 1024K, 2 young (2048K), 2 survivors (2048K)
 Metaspace       used 73653K, committed 75648K, reserved 1114112K
  class space    used 9990K, committed 11072K, reserved 1048576K
}
Event: 48.850 GC heap before
{Heap before GC invocations=31 (full 0):
 garbage-first heap   total 160768K, used 96183K [0x0000000080000000, 0x0000000100000000)
  region size 1024K, 7 young (7168K), 2 survivors (2048K)
 Metaspace       used 74012K, committed 76032K, reserved 1114112K
  class space    used 10073K, committed 11136K, reserved 1048576K
}
Event: 48.854 GC heap after
{Heap after GC invocations=32 (full 0):
 garbage-first heap   total 160768K, used 89894K [0x0000000080000000, 0x0000000100000000)
  region size 1024K, 1 young (1024K), 1 survivors (1024K)
 Metaspace       used 74012K, committed 76032K, reserved 1114112K
  class space    used 10073K, committed 11136K, reserved 1048576K
}
Event: 49.859 GC heap before
{Heap before GC invocations=32 (full 0):
 garbage-first heap   total 160768K, used 132902K [0x0000000080000000, 0x0000000100000000)
  region size 1024K, 44 young (45056K), 1 survivors (1024K)
 Metaspace       used 77035K, committed 79040K, reserved 1179648K
  class space    used 10540K, committed 11584K, reserved 1048576K
}
Event: 49.864 GC heap after
{Heap after GC invocations=33 (full 0):
 garbage-first heap   total 160768K, used 91686K [0x0000000080000000, 0x0000000100000000)
  region size 1024K, 3 young (3072K), 3 survivors (3072K)
 Metaspace       used 77035K, committed 79040K, reserved 1179648K
  class space    used 10540K, committed 11584K, reserved 1048576K
}
Event: 50.425 GC heap before
{Heap before GC invocations=33 (full 0):
 garbage-first heap   total 160768K, used 109094K [0x0000000080000000, 0x0000000100000000)
  region size 1024K, 22 young (22528K), 3 survivors (3072K)
 Metaspace       used 78107K, committed 80128K, reserved 1179648K
  class space    used 10643K, committed 11712K, reserved 1048576K
}
Event: 50.433 GC heap after
{Heap after GC invocations=34 (full 0):
 garbage-first heap   total 160768K, used 95267K [0x0000000080000000, 0x0000000100000000)
  region size 1024K, 6 young (6144K), 6 survivors (6144K)
 Metaspace       used 78107K, committed 80128K, reserved 1179648K
  class space    used 10643K, committed 11712K, reserved 1048576K
}
Event: 51.607 GC heap before
{Heap before GC invocations=35 (full 0):
 garbage-first heap   total 173056K, used 138275K [0x0000000080000000, 0x0000000100000000)
  region size 1024K, 43 young (44032K), 6 survivors (6144K)
 Metaspace       used 81945K, committed 84032K, reserved 1179648K
  class space    used 11140K, committed 12224K, reserved 1048576K
}
Event: 51.616 GC heap after
{Heap after GC invocations=36 (full 0):
 garbage-first heap   total 173056K, used 98540K [0x0000000080000000, 0x0000000100000000)
  region size 1024K, 3 young (3072K), 3 survivors (3072K)
 Metaspace       used 81945K, committed 84032K, reserved 1179648K
  class space    used 11140K, committed 12224K, reserved 1048576K
}
Event: 51.719 GC heap before
{Heap before GC invocations=36 (full 0):
 garbage-first heap   total 173056K, used 103660K [0x0000000080000000, 0x0000000100000000)
  region size 1024K, 8 young (8192K), 3 survivors (3072K)
 Metaspace       used 82187K, committed 84288K, reserved 1179648K
  class space    used 11177K, committed 12288K, reserved 1048576K
}
Event: 51.726 GC heap after
{Heap after GC invocations=37 (full 0):
 garbage-first heap   total 173056K, used 97879K [0x0000000080000000, 0x0000000100000000)
  region size 1024K, 1 young (1024K), 1 survivors (1024K)
 Metaspace       used 82187K, committed 84288K, reserved 1179648K
  class space    used 11177K, committed 12288K, reserved 1048576K
}
Event: 52.864 GC heap before
{Heap before GC invocations=37 (full 0):
 garbage-first heap   total 173056K, used 143959K [0x0000000080000000, 0x0000000100000000)
  region size 1024K, 47 young (48128K), 1 survivors (1024K)
 Metaspace       used 84676K, committed 86784K, reserved 1179648K
  class space    used 11507K, committed 12608K, reserved 1048576K
}
Event: 52.868 GC heap after
{Heap after GC invocations=38 (full 0):
 garbage-first heap   total 173056K, used 100373K [0x0000000080000000, 0x0000000100000000)
  region size 1024K, 4 young (4096K), 4 survivors (4096K)
 Metaspace       used 84676K, committed 86784K, reserved 1179648K
  class space    used 11507K, committed 12608K, reserved 1048576K
}
Event: 53.628 GC heap before
{Heap before GC invocations=38 (full 0):
 garbage-first heap   total 173056K, used 145429K [0x0000000080000000, 0x0000000100000000)
  region size 1024K, 48 young (49152K), 4 survivors (4096K)
 Metaspace       used 88028K, committed 90112K, reserved 1179648K
  class space    used 11967K, committed 13056K, reserved 1048576K
}
Event: 53.633 GC heap after
{Heap after GC invocations=39 (full 0):
 garbage-first heap   total 173056K, used 102294K [0x0000000080000000, 0x0000000100000000)
  region size 1024K, 5 young (5120K), 5 survivors (5120K)
 Metaspace       used 88028K, committed 90112K, reserved 1179648K
  class space    used 11967K, committed 13056K, reserved 1048576K
}
Event: 55.226 GC heap before
{Heap before GC invocations=39 (full 0):
 garbage-first heap   total 173056K, used 146326K [0x0000000080000000, 0x0000000100000000)
  region size 1024K, 49 young (50176K), 5 survivors (5120K)
 Metaspace       used 92105K, committed 94336K, reserved 1179648K
  class space    used 12428K, committed 13632K, reserved 1048576K
}
Event: 55.232 GC heap after
{Heap after GC invocations=40 (full 0):
 garbage-first heap   total 173056K, used 103959K [0x0000000080000000, 0x0000000100000000)
  region size 1024K, 4 young (4096K), 4 survivors (4096K)
 Metaspace       used 92105K, committed 94336K, reserved 1179648K
  class space    used 12428K, committed 13632K, reserved 1048576K
}

