# JRE version: OpenJDK Runtime Environment Temurin-21.0.6+7 (21.0.6+7) (build 21.0.6+7-LTS)
# Java VM: OpenJDK 64-Bit Server VM Temurin-21.0.6+7 (21.0.6+7-LTS, mixed mode, sharing, tiered, compressed oops, compressed class ptrs, parallel gc, windows-amd64)
GC Precious Log:
 CardTable entry size: 512
 CPUs: 8 total, 8 available
 Memory: 7834M
 Large Page Support: Disabled
 NUMA Support: Disabled
 Compressed Oops: Enabled (32-bit)
 Alignments: Space 512K, Generation 512K, Heap 2M
 Heap Min Capacity: 100M
 Heap Initial Capacity: 100M
 Heap Max Capacity: 1G
 Pre-touch: Disabled
 Parallel Workers: 8
Heap:
 PSYoungGen      total 2048K, used 1728K [0x00000000eab00000, 0x00000000eaf80000, 0x0000000100000000)
  eden space 1536K, 100% used [0x00000000eab00000,0x00000000eac80000,0x00000000eac80000)
  from space 512K, 37% used [0x00000000eae80000,0x00000000eaeb0000,0x00000000eaf00000)
  to   space 512K, 56% used [0x00000000eaf00000,0x00000000eaf48000,0x00000000eaf80000)
 ParOldGen       total 417280K, used 416916K [0x00000000c0000000, 0x00000000d9780000, 0x00000000eab00000)
  object space 417280K, 99% used [0x00000000c0000000,0x00000000d9725230,0x00000000d9780000)
 Metaspace       used 73960K, committed 75520K, reserved 1179648K
  class space    used 8887K, committed 9600K, reserved 1048576K
GC Heap History (20 events):
Event: 111.966 GC heap before
{Heap before GC invocations=753 (full 3):
 PSYoungGen      total 2560K, used 1952K [0x00000000eab00000, 0x00000000eaf80000, 0x0000000100000000)
  eden space 1536K, 100% used [0x00000000eab00000,0x00000000eac80000,0x00000000eac80000)
  from space 1024K, 40% used [0x00000000ead80000,0x00000000eade8000,0x00000000eae80000)
  to   space 512K, 0% used [0x00000000eaf00000,0x00000000eaf00000,0x00000000eaf80000)
 ParOldGen       total 415744K, used 415337K [0x00000000c0000000, 0x00000000d9600000, 0x00000000eab00000)
  object space 415744K, 99% used [0x00000000c0000000,0x00000000d959a6d8,0x00000000d9600000)
 Metaspace       used 71240K, committed 72768K, reserved 1114112K
  class space    used 8556K, committed 9280K, reserved 1048576K
}
Event: 111.970 GC heap after
{Heap after GC invocations=753 (full 3):
 PSYoungGen      total 2048K, used 384K [0x00000000eab00000, 0x00000000eaf80000, 0x0000000100000000)
  eden space 1536K, 0% used [0x00000000eab00000,0x00000000eab00000,0x00000000eac80000)
  from space 512K, 75% used [0x00000000eaf00000,0x00000000eaf60000,0x00000000eaf80000)
  to   space 512K, 0% used [0x00000000eae80000,0x00000000eae80000,0x00000000eaf00000)
 ParOldGen       total 415744K, used 415649K [0x00000000c0000000, 0x00000000d9600000, 0x00000000eab00000)
  object space 415744K, 99% used [0x00000000c0000000,0x00000000d95e86d8,0x00000000d9600000)
 Metaspace       used 71240K, committed 72768K, reserved 1114112K
  class space    used 8556K, committed 9280K, reserved 1048576K
}
Event: 112.016 GC heap before
{Heap before GC invocations=754 (full 3):
 PSYoungGen      total 2048K, used 1920K [0x00000000eab00000, 0x00000000eaf80000, 0x0000000100000000)
  eden space 1536K, 100% used [0x00000000eab00000,0x00000000eac80000,0x00000000eac80000)
  from space 512K, 75% used [0x00000000eaf00000,0x00000000eaf60000,0x00000000eaf80000)
  to   space 512K, 0% used [0x00000000eae80000,0x00000000eae80000,0x00000000eaf00000)
 ParOldGen       total 415744K, used 415649K [0x00000000c0000000, 0x00000000d9600000, 0x00000000eab00000)
  object space 415744K, 99% used [0x00000000c0000000,0x00000000d95e86d8,0x00000000d9600000)
 Metaspace       used 71387K, committed 72896K, reserved 1114112K
  class space    used 8572K, committed 9280K, reserved 1048576K
}
Event: 112.018 GC heap after
{Heap after GC invocations=754 (full 3):
 PSYoungGen      total 2048K, used 416K [0x00000000eab00000, 0x00000000eaf80000, 0x0000000100000000)
  eden space 1536K, 0% used [0x00000000eab00000,0x00000000eab00000,0x00000000eac80000)
  from space 512K, 81% used [0x00000000eae80000,0x00000000eaee8000,0x00000000eaf00000)
  to   space 512K, 0% used [0x00000000eaf00000,0x00000000eaf00000,0x00000000eaf80000)
 ParOldGen       total 416256K, used 415985K [0x00000000c0000000, 0x00000000d9680000, 0x00000000eab00000)
  object space 416256K, 99% used [0x00000000c0000000,0x00000000d963c6d8,0x00000000d9680000)
 Metaspace       used 71387K, committed 72896K, reserved 1114112K
  class space    used 8572K, committed 9280K, reserved 1048576K
}
Event: 112.076 GC heap before
{Heap before GC invocations=755 (full 3):
 PSYoungGen      total 2048K, used 1952K [0x00000000eab00000, 0x00000000eaf80000, 0x0000000100000000)
  eden space 1536K, 100% used [0x00000000eab00000,0x00000000eac80000,0x00000000eac80000)
  from space 512K, 81% used [0x00000000eae80000,0x00000000eaee8000,0x00000000eaf00000)
  to   space 512K, 0% used [0x00000000eaf00000,0x00000000eaf00000,0x00000000eaf80000)
 ParOldGen       total 416256K, used 415985K [0x00000000c0000000, 0x00000000d9680000, 0x00000000eab00000)
  object space 416256K, 99% used [0x00000000c0000000,0x00000000d963c6d8,0x00000000d9680000)
 Metaspace       used 71768K, committed 73344K, reserved 1114112K
  class space    used 8607K, committed 9344K, reserved 1048576K
}
Event: 112.079 GC heap after
{Heap after GC invocations=755 (full 3):
 PSYoungGen      total 2048K, used 256K [0x00000000eab00000, 0x00000000eaf80000, 0x0000000100000000)
  eden space 1536K, 0% used [0x00000000eab00000,0x00000000eab00000,0x00000000eac80000)
  from space 512K, 50% used [0x00000000eaf00000,0x00000000eaf40000,0x00000000eaf80000)
  to   space 512K, 0% used [0x00000000eae80000,0x00000000eae80000,0x00000000eaf00000)
 ParOldGen       total 416256K, used 416233K [0x00000000c0000000, 0x00000000d9680000, 0x00000000eab00000)
  object space 416256K, 99% used [0x00000000c0000000,0x00000000d967a6d8,0x00000000d9680000)
 Metaspace       used 71768K, committed 73344K, reserved 1114112K
  class space    used 8607K, committed 9344K, reserved 1048576K
}
Event: 112.132 GC heap before
{Heap before GC invocations=756 (full 3):
 PSYoungGen      total 2048K, used 1792K [0x00000000eab00000, 0x00000000eaf80000, 0x0000000100000000)
  eden space 1536K, 100% used [0x00000000eab00000,0x00000000eac80000,0x00000000eac80000)
  from space 512K, 50% used [0x00000000eaf00000,0x00000000eaf40000,0x00000000eaf80000)
  to   space 512K, 0% used [0x00000000eae80000,0x00000000eae80000,0x00000000eaf00000)
 ParOldGen       total 416256K, used 416233K [0x00000000c0000000, 0x00000000d9680000, 0x00000000eab00000)
  object space 416256K, 99% used [0x00000000c0000000,0x00000000d967a6d8,0x00000000d9680000)
 Metaspace       used 72102K, committed 73600K, reserved 1114112K
  class space    used 8646K, committed 9344K, reserved 1048576K
}
Event: 112.134 GC heap after
{Heap after GC invocations=756 (full 3):
 PSYoungGen      total 2048K, used 192K [0x00000000eab00000, 0x00000000eaf80000, 0x0000000100000000)
  eden space 1536K, 0% used [0x00000000eab00000,0x00000000eab00000,0x00000000eac80000)
  from space 512K, 37% used [0x00000000eae80000,0x00000000eaeb0000,0x00000000eaf00000)
  to   space 512K, 0% used [0x00000000eaf00000,0x00000000eaf00000,0x00000000eaf80000)
 ParOldGen       total 416768K, used 416297K [0x00000000c0000000, 0x00000000d9700000, 0x00000000eab00000)
  object space 416768K, 99% used [0x00000000c0000000,0x00000000d968a6d8,0x00000000d9700000)
 Metaspace       used 72102K, committed 73600K, reserved 1114112K
  class space    used 8646K, committed 9344K, reserved 1048576K
}
Event: 112.216 GC heap before
{Heap before GC invocations=757 (full 3):
 PSYoungGen      total 2048K, used 1728K [0x00000000eab00000, 0x00000000eaf80000, 0x0000000100000000)
  eden space 1536K, 100% used [0x00000000eab00000,0x00000000eac80000,0x00000000eac80000)
  from space 512K, 37% used [0x00000000eae80000,0x00000000eaeb0000,0x00000000eaf00000)
  to   space 512K, 0% used [0x00000000eaf00000,0x00000000eaf00000,0x00000000eaf80000)
 ParOldGen       total 416768K, used 416297K [0x00000000c0000000, 0x00000000d9700000, 0x00000000eab00000)
  object space 416768K, 99% used [0x00000000c0000000,0x00000000d968a6d8,0x00000000d9700000)
 Metaspace       used 72458K, committed 73984K, reserved 1114112K
  class space    used 8688K, committed 9408K, reserved 1048576K
}
Event: 112.219 GC heap after
{Heap after GC invocations=757 (full 3):
 PSYoungGen      total 2048K, used 224K [0x00000000eab00000, 0x00000000eaf80000, 0x0000000100000000)
  eden space 1536K, 0% used [0x00000000eab00000,0x00000000eab00000,0x00000000eac80000)
  from space 512K, 43% used [0x00000000eaf00000,0x00000000eaf38000,0x00000000eaf80000)
  to   space 512K, 0% used [0x00000000eae80000,0x00000000eae80000,0x00000000eaf00000)
 ParOldGen       total 416768K, used 416337K [0x00000000c0000000, 0x00000000d9700000, 0x00000000eab00000)
  object space 416768K, 99% used [0x00000000c0000000,0x00000000d96946d8,0x00000000d9700000)
 Metaspace       used 72458K, committed 73984K, reserved 1114112K
  class space    used 8688K, committed 9408K, reserved 1048576K
}
Event: 112.402 GC heap before
{Heap before GC invocations=758 (full 3):
 PSYoungGen      total 2048K, used 1674K [0x00000000eab00000, 0x00000000eaf80000, 0x0000000100000000)
  eden space 1536K, 94% used [0x00000000eab00000,0x00000000eac6aa90,0x00000000eac80000)
  from space 512K, 43% used [0x00000000eaf00000,0x00000000eaf38000,0x00000000eaf80000)
  to   space 512K, 0% used [0x00000000eae80000,0x00000000eae80000,0x00000000eaf00000)
 ParOldGen       total 416768K, used 416337K [0x00000000c0000000, 0x00000000d9700000, 0x00000000eab00000)
  object space 416768K, 99% used [0x00000000c0000000,0x00000000d96946d8,0x00000000d9700000)
 Metaspace       used 72603K, committed 74176K, reserved 1114112K
  class space    used 8710K, committed 9408K, reserved 1048576K
}
Event: 112.405 GC heap after
{Heap after GC invocations=758 (full 3):
 PSYoungGen      total 2048K, used 386K [0x00000000eab00000, 0x00000000eaf80000, 0x0000000100000000)
  eden space 1536K, 0% used [0x00000000eab00000,0x00000000eab00000,0x00000000eac80000)
  from space 512K, 75% used [0x00000000eae80000,0x00000000eaee08b8,0x00000000eaf00000)
  to   space 512K, 0% used [0x00000000eaf00000,0x00000000eaf00000,0x00000000eaf80000)
 ParOldGen       total 416768K, used 416425K [0x00000000c0000000, 0x00000000d9700000, 0x00000000eab00000)
  object space 416768K, 99% used [0x00000000c0000000,0x00000000d96aa6d8,0x00000000d9700000)
 Metaspace       used 72603K, committed 74176K, reserved 1114112K
  class space    used 8710K, committed 9408K, reserved 1048576K
}
Event: 112.445 GC heap before
{Heap before GC invocations=759 (full 3):
 PSYoungGen      total 2048K, used 1922K [0x00000000eab00000, 0x00000000eaf80000, 0x0000000100000000)
  eden space 1536K, 100% used [0x00000000eab00000,0x00000000eac80000,0x00000000eac80000)
  from space 512K, 75% used [0x00000000eae80000,0x00000000eaee08b8,0x00000000eaf00000)
  to   space 512K, 0% used [0x00000000eaf00000,0x00000000eaf00000,0x00000000eaf80000)
 ParOldGen       total 416768K, used 416425K [0x00000000c0000000, 0x00000000d9700000, 0x00000000eab00000)
  object space 416768K, 99% used [0x00000000c0000000,0x00000000d96aa6d8,0x00000000d9700000)
 Metaspace       used 72869K, committed 74432K, reserved 1114112K
  class space    used 8746K, committed 9472K, reserved 1048576K
}
Event: 112.447 GC heap after
{Heap after GC invocations=759 (full 3):
 PSYoungGen      total 2048K, used 393K [0x00000000eab00000, 0x00000000eaf80000, 0x0000000100000000)
  eden space 1536K, 0% used [0x00000000eab00000,0x00000000eab00000,0x00000000eac80000)
  from space 512K, 76% used [0x00000000eaf00000,0x00000000eaf62460,0x00000000eaf80000)
  to   space 512K, 0% used [0x00000000eae80000,0x00000000eae80000,0x00000000eaf00000)
 ParOldGen       total 416768K, used 416507K [0x00000000c0000000, 0x00000000d9700000, 0x00000000eab00000)
  object space 416768K, 99% used [0x00000000c0000000,0x00000000d96bedb0,0x00000000d9700000)
 Metaspace       used 72869K, committed 74432K, reserved 1114112K
  class space    used 8746K, committed 9472K, reserved 1048576K
}
Event: 112.464 GC heap before
{Heap before GC invocations=760 (full 3):
 PSYoungGen      total 2048K, used 1929K [0x00000000eab00000, 0x00000000eaf80000, 0x0000000100000000)
  eden space 1536K, 100% used [0x00000000eab00000,0x00000000eac80000,0x00000000eac80000)
  from space 512K, 76% used [0x00000000eaf00000,0x00000000eaf62460,0x00000000eaf80000)
  to   space 512K, 0% used [0x00000000eae80000,0x00000000eae80000,0x00000000eaf00000)
 ParOldGen       total 416768K, used 416507K [0x00000000c0000000, 0x00000000d9700000, 0x00000000eab00000)
  object space 416768K, 99% used [0x00000000c0000000,0x00000000d96bedb0,0x00000000d9700000)
 Metaspace       used 73111K, committed 74688K, reserved 1114112K
  class space    used 8790K, committed 9472K, reserved 1048576K
}
Event: 112.467 GC heap after
{Heap after GC invocations=760 (full 3):
 PSYoungGen      total 2048K, used 128K [0x00000000eab00000, 0x00000000eaf80000, 0x0000000100000000)
  eden space 1536K, 0% used [0x00000000eab00000,0x00000000eab00000,0x00000000eac80000)
  from space 512K, 25% used [0x00000000eae80000,0x00000000eaea0000,0x00000000eaf00000)
  to   space 512K, 0% used [0x00000000eaf00000,0x00000000eaf00000,0x00000000eaf80000)
 ParOldGen       total 416768K, used 416740K [0x00000000c0000000, 0x00000000d9700000, 0x00000000eab00000)
  object space 416768K, 99% used [0x00000000c0000000,0x00000000d96f9230,0x00000000d9700000)
 Metaspace       used 73111K, committed 74688K, reserved 1114112K
  class space    used 8790K, committed 9472K, reserved 1048576K
}
Event: 112.516 GC heap before
{Heap before GC invocations=761 (full 3):
 PSYoungGen      total 2048K, used 1660K [0x00000000eab00000, 0x00000000eaf80000, 0x0000000100000000)
  eden space 1536K, 99% used [0x00000000eab00000,0x00000000eac7f300,0x00000000eac80000)
  from space 512K, 25% used [0x00000000eae80000,0x00000000eaea0000,0x00000000eaf00000)
  to   space 512K, 0% used [0x00000000eaf00000,0x00000000eaf00000,0x00000000eaf80000)
 ParOldGen       total 416768K, used 416740K [0x00000000c0000000, 0x00000000d9700000, 0x00000000eab00000)
  object space 416768K, 99% used [0x00000000c0000000,0x00000000d96f9230,0x00000000d9700000)
 Metaspace       used 73411K, committed 74944K, reserved 1114112K
  class space    used 8836K, committed 9536K, reserved 1048576K
}
Event: 112.519 GC heap after
{Heap after GC invocations=761 (full 3):
 PSYoungGen      total 2048K, used 256K [0x00000000eab00000, 0x00000000eaf80000, 0x0000000100000000)
  eden space 1536K, 0% used [0x00000000eab00000,0x00000000eab00000,0x00000000eac80000)
  from space 512K, 50% used [0x00000000eaf00000,0x00000000eaf40000,0x00000000eaf80000)
  to   space 512K, 0% used [0x00000000eae80000,0x00000000eae80000,0x00000000eaf00000)
 ParOldGen       total 417280K, used 416772K [0x00000000c0000000, 0x00000000d9780000, 0x00000000eab00000)
  object space 417280K, 99% used [0x00000000c0000000,0x00000000d9701230,0x00000000d9780000)
 Metaspace       used 73411K, committed 74944K, reserved 1114112K
  class space    used 8836K, committed 9536K, reserved 1048576K
}
Event: 112.761 GC heap before
{Heap before GC invocations=762 (full 3):
 PSYoungGen      total 2048K, used 1792K [0x00000000eab00000, 0x00000000eaf80000, 0x0000000100000000)
  eden space 1536K, 100% used [0x00000000eab00000,0x00000000eac80000,0x00000000eac80000)
  from space 512K, 50% used [0x00000000eaf00000,0x00000000eaf40000,0x00000000eaf80000)
  to   space 512K, 0% used [0x00000000eae80000,0x00000000eae80000,0x00000000eaf00000)
 ParOldGen       total 417280K, used 416772K [0x00000000c0000000, 0x00000000d9780000, 0x00000000eab00000)
  object space 417280K, 99% used [0x00000000c0000000,0x00000000d9701230,0x00000000d9780000)
 Metaspace       used 73625K, committed 75136K, reserved 1179648K
  class space    used 8857K, committed 9536K, reserved 1048576K
}
Event: 112.764 GC heap after
{Heap after GC invocations=762 (full 3):
 PSYoungGen      total 2048K, used 192K [0x00000000eab00000, 0x00000000eaf80000, 0x0000000100000000)
  eden space 1536K, 0% used [0x00000000eab00000,0x00000000eab00000,0x00000000eac80000)
  from space 512K, 37% used [0x00000000eae80000,0x00000000eaeb0000,0x00000000eaf00000)
  to   space 512K, 0% used [0x00000000eaf00000,0x00000000eaf00000,0x00000000eaf80000)
 ParOldGen       total 417280K, used 416836K [0x00000000c0000000, 0x00000000d9780000, 0x00000000eab00000)
  object space 417280K, 99% used [0x00000000c0000000,0x00000000d9711230,0x00000000d9780000)
 Metaspace       used 73625K, committed 75136K, reserved 1179648K
  class space    used 8857K, committed 9536K, reserved 1048576K
}

